[16.10.24 22:38:00] DEBUG [asyncio.__init__:64] Using selector: KqueueSelector
[16.10.24 22:38:00] INFO [aiogram.dispatcher.start_polling:527] Start polling
[16.10.24 22:38:00] INFO [aiogram.dispatcher._polling:341] Run polling for bot @testing_dummy_bot id=6377300361 - 'Testing Dummy'
[16.10.24 22:39:08] DEBUG [root.__call__:92] Event: {
  "update_id": 802862052,
  "message": {
    "message_id": 3467,
    "chat": {
      "id": 265837243,
      "type": "private",
      "username": "doreshnikov"
    },
    "from_user": {
      "id": 265837243,
      "username": "doreshnikov"
    },
    "text": "/grade"
  }
}
[16.10.24 22:39:08] DEBUG [root.__call__:97] State: None
[16.10.24 22:39:08] DEBUG [peewee.execute_sql:3319] ('SELECT "t1"."id_", "t1"."name", "t1"."speciality", "t1"."group" FROM "student" AS "t1" INNER JOIN "tg_user" AS "t2" ON ("t2"."student_id" = "t1"."id_") WHERE ("t2"."tg_id" = ?) LIMIT ?', [265837243, 1])
[16.10.24 22:39:08] DEBUG [peewee.execute_sql:3319] ('SELECT "t1"."student_id", "t1"."tg_id", "t1"."username" FROM "tg_user" AS "t1" WHERE ("t1"."student_id" = ?) LIMIT ?', [0, 1])
[16.10.24 22:39:08] INFO [aiogram.event.feed_update:172] Update id=802862052 is handled. Duration 443 ms by bot id=6377300361
[16.10.24 22:39:09] DEBUG [root.__call__:92] Event: {
  "update_id": 802862053,
  "callback_query": {
    "id": "1141762266292815147",
    "from_user": {
      "id": 265837243,
      "username": "doreshnikov"
    },
    "chat_instance": "5810223480658792996",
    "data": "event:00-introduction"
  }
}
[16.10.24 22:39:09] DEBUG [root.__call__:97] State: GradeState:EVENT_SELECT
[16.10.24 22:39:09] DEBUG [peewee.execute_sql:3319] ('SELECT "t1"."id_", "t1"."name", "t1"."speciality", "t1"."group" FROM "student" AS "t1" INNER JOIN "tg_user" AS "t2" ON ("t2"."student_id" = "t1"."id_") WHERE ("t2"."tg_id" = ?) LIMIT ?', [265837243, 1])
[16.10.24 22:39:09] DEBUG [peewee.execute_sql:3319] ('SELECT "t1"."student_id", "t1"."tg_id", "t1"."username" FROM "tg_user" AS "t1" WHERE ("t1"."student_id" = ?) LIMIT ?', [0, 1])
[16.10.24 22:39:10] INFO [aiogram.event.feed_update:172] Update id=802862053 is handled. Duration 325 ms by bot id=6377300361
[16.10.24 22:39:11] DEBUG [root.__call__:92] Event: {
  "update_id": 802862054,
  "callback_query": {
    "id": "1141762266404104925",
    "from_user": {
      "id": 265837243,
      "username": "doreshnikov"
    },
    "chat_instance": "5810223480658792996",
    "data": "format:text"
  }
}
[16.10.24 22:39:11] DEBUG [root.__call__:97] State: GradeState:FORMAT_SELECT
[16.10.24 22:39:11] DEBUG [peewee.execute_sql:3319] ('SELECT "t1"."id_", "t1"."name", "t1"."speciality", "t1"."group" FROM "student" AS "t1" INNER JOIN "tg_user" AS "t2" ON ("t2"."student_id" = "t1"."id_") WHERE ("t2"."tg_id" = ?) LIMIT ?', [265837243, 1])
[16.10.24 22:39:11] DEBUG [peewee.execute_sql:3319] ('SELECT "t1"."student_id", "t1"."tg_id", "t1"."username" FROM "tg_user" AS "t1" WHERE ("t1"."student_id" = ?) LIMIT ?', [0, 1])
[16.10.24 22:39:12] INFO [aiogram.event.feed_update:172] Update id=802862054 is handled. Duration 1115 ms by bot id=6377300361
[16.10.24 22:39:53] DEBUG [root.__call__:92] Event: {
  "update_id": 802862055,
  "message": {
    "message_id": 3469,
    "chat": {
      "id": 265837243,
      "type": "private",
      "username": "doreshnikov"
    },
    "from_user": {
      "id": 265837243,
      "username": "doreshnikov"
    },
    "text": "def guess():\n    if False:\n        guess()\n    return 0"
  }
}
[16.10.24 22:39:53] DEBUG [root.__call__:97] State: GradeState:CODE
[16.10.24 22:39:53] DEBUG [peewee.execute_sql:3319] ('SELECT "t1"."id_", "t1"."name", "t1"."speciality", "t1"."group" FROM "student" AS "t1" INNER JOIN "tg_user" AS "t2" ON ("t2"."student_id" = "t1"."id_") WHERE ("t2"."tg_id" = ?) LIMIT ?', [265837243, 1])
[16.10.24 22:39:53] DEBUG [peewee.execute_sql:3319] ('SELECT "t1"."student_id", "t1"."tg_id", "t1"."username" FROM "tg_user" AS "t1" WHERE ("t1"."student_id" = ?) LIMIT ?', [0, 1])
[16.10.24 22:39:53] DEBUG [peewee.execute_sql:3319] ('INSERT INTO "submission" ("timestamp", "event", "file_path", "message_id", "student_id") VALUES (?, ?, ?, ?, ?)', [1729107594, '00-introduction', None, 3470, 0])
[16.10.24 22:39:53] INFO [aiogram.event.feed_update:172] Update id=802862055 is handled. Duration 384 ms by bot id=6377300361
[16.10.24 22:39:53] DEBUG [aiogram.utils.chat_action._worker:70] Started chat action 'typing' sender in chat_id=265837243 via bot id=6377300361
[16.10.24 22:39:53] DEBUG [aiogram.utils.chat_action._worker:81] Sent chat action 'typing' to chat_id=265837243 via bot 6377300361 (already sent actions 0)
[16.10.24 22:39:54] DEBUG [peewee.execute_sql:3319] ('INSERT INTO "run" ("task_id", "solution_source", "solution_hash", "verdict", "comment", "invoker_port", "invoker_id", "submission_id") VALUES (?, ?, ?, ?, ?, ?, ?, ?)', ['breakme', 'def guess():\n    if False:\n        guess()\n    return 0', '-8953686287814733052', 'VE', 'solution should include variable with name `include_me`', None, None, 245])
[16.10.24 22:39:54] DEBUG [aiogram.utils.chat_action._worker:98] Finished chat action 'typing' sender in chat_id=265837243 via bot id=6377300361
[16.10.24 22:40:01] DEBUG [root.__call__:92] Event: {
  "update_id": 802862056,
  "message": {
    "message_id": 3471,
    "chat": {
      "id": 265837243,
      "type": "private",
      "username": "doreshnikov"
    },
    "from_user": {
      "id": 265837243,
      "username": "doreshnikov"
    },
    "text": "/grade"
  }
}
[16.10.24 22:40:01] DEBUG [root.__call__:97] State: None
[16.10.24 22:40:01] DEBUG [peewee.execute_sql:3319] ('SELECT "t1"."id_", "t1"."name", "t1"."speciality", "t1"."group" FROM "student" AS "t1" INNER JOIN "tg_user" AS "t2" ON ("t2"."student_id" = "t1"."id_") WHERE ("t2"."tg_id" = ?) LIMIT ?', [265837243, 1])
[16.10.24 22:40:01] DEBUG [peewee.execute_sql:3319] ('SELECT "t1"."student_id", "t1"."tg_id", "t1"."username" FROM "tg_user" AS "t1" WHERE ("t1"."student_id" = ?) LIMIT ?', [0, 1])
[16.10.24 22:40:01] INFO [aiogram.event.feed_update:172] Update id=802862056 is handled. Duration 276 ms by bot id=6377300361
[16.10.24 22:40:03] DEBUG [root.__call__:92] Event: {
  "update_id": 802862057,
  "callback_query": {
    "id": "1141762268654275912",
    "from_user": {
      "id": 265837243,
      "username": "doreshnikov"
    },
    "chat_instance": "5810223480658792996",
    "data": "event:00-introduction"
  }
}
[16.10.24 22:40:03] DEBUG [root.__call__:97] State: GradeState:EVENT_SELECT
[16.10.24 22:40:03] DEBUG [peewee.execute_sql:3319] ('SELECT "t1"."id_", "t1"."name", "t1"."speciality", "t1"."group" FROM "student" AS "t1" INNER JOIN "tg_user" AS "t2" ON ("t2"."student_id" = "t1"."id_") WHERE ("t2"."tg_id" = ?) LIMIT ?', [265837243, 1])
[16.10.24 22:40:03] DEBUG [peewee.execute_sql:3319] ('SELECT "t1"."student_id", "t1"."tg_id", "t1"."username" FROM "tg_user" AS "t1" WHERE ("t1"."student_id" = ?) LIMIT ?', [0, 1])
[16.10.24 22:40:04] INFO [aiogram.event.feed_update:172] Update id=802862057 is handled. Duration 332 ms by bot id=6377300361
[16.10.24 22:40:05] DEBUG [root.__call__:92] Event: {
  "update_id": 802862058,
  "callback_query": {
    "id": "1141762268639483603",
    "from_user": {
      "id": 265837243,
      "username": "doreshnikov"
    },
    "chat_instance": "5810223480658792996",
    "data": "format:text"
  }
}
[16.10.24 22:40:05] DEBUG [root.__call__:97] State: GradeState:FORMAT_SELECT
[16.10.24 22:40:05] DEBUG [peewee.execute_sql:3319] ('SELECT "t1"."id_", "t1"."name", "t1"."speciality", "t1"."group" FROM "student" AS "t1" INNER JOIN "tg_user" AS "t2" ON ("t2"."student_id" = "t1"."id_") WHERE ("t2"."tg_id" = ?) LIMIT ?', [265837243, 1])
[16.10.24 22:40:05] DEBUG [peewee.execute_sql:3319] ('SELECT "t1"."student_id", "t1"."tg_id", "t1"."username" FROM "tg_user" AS "t1" WHERE ("t1"."student_id" = ?) LIMIT ?', [0, 1])
[16.10.24 22:40:05] INFO [aiogram.event.feed_update:172] Update id=802862058 is handled. Duration 395 ms by bot id=6377300361
[16.10.24 22:40:23] DEBUG [root.__call__:92] Event: {
  "update_id": 802862059,
  "message": {
    "message_id": 3473,
    "chat": {
      "id": 265837243,
      "type": "private",
      "username": "doreshnikov"
    },
    "from_user": {
      "id": 265837243,
      "username": "doreshnikov"
    },
    "text": "def guess():\n    include_me = False\n    if include_me:\n        guess()\n    return 0"
  }
}
[16.10.24 22:40:23] DEBUG [root.__call__:97] State: GradeState:CODE
[16.10.24 22:40:23] DEBUG [peewee.execute_sql:3319] ('SELECT "t1"."id_", "t1"."name", "t1"."speciality", "t1"."group" FROM "student" AS "t1" INNER JOIN "tg_user" AS "t2" ON ("t2"."student_id" = "t1"."id_") WHERE ("t2"."tg_id" = ?) LIMIT ?', [265837243, 1])
[16.10.24 22:40:23] DEBUG [peewee.execute_sql:3319] ('SELECT "t1"."student_id", "t1"."tg_id", "t1"."username" FROM "tg_user" AS "t1" WHERE ("t1"."student_id" = ?) LIMIT ?', [0, 1])
[16.10.24 22:40:23] DEBUG [peewee.execute_sql:3319] ('INSERT INTO "submission" ("timestamp", "event", "file_path", "message_id", "student_id") VALUES (?, ?, ?, ?, ?)', [1729107624, '00-introduction', None, 3474, 0])
[16.10.24 22:40:23] INFO [aiogram.event.feed_update:172] Update id=802862059 is handled. Duration 507 ms by bot id=6377300361
[16.10.24 22:40:23] DEBUG [aiogram.utils.chat_action._worker:70] Started chat action 'typing' sender in chat_id=265837243 via bot id=6377300361
[16.10.24 22:40:23] DEBUG [aiogram.utils.chat_action._worker:81] Sent chat action 'typing' to chat_id=265837243 via bot 6377300361 (already sent actions 0)
[16.10.24 22:40:23] INFO [socket-wrapper.__enter__:42] Connected on port 65500
[16.10.24 22:40:23] INFO [socket-wrapper.__exit__:47] Released port 65500
[16.10.24 22:40:23] DEBUG [peewee.execute_sql:3319] ('INSERT INTO "run" ("task_id", "solution_source", "solution_hash", "verdict", "comment", "invoker_port", "invoker_id", "submission_id") VALUES (?, ?, ?, ?, ?, ?, ?, ?)', ['breakme', 'def guess():\n    include_me = False\n    if include_me:\n        guess()\n    return 0', '217416696553831536', 'IA', "[test 1] expected a list, got '0'", 65500, '1506536694ed1f1ab981cad9f34887faf5220569ec0e450203730e0b1b53f26c', 246])
[16.10.24 22:40:24] DEBUG [aiogram.utils.chat_action._worker:98] Finished chat action 'typing' sender in chat_id=265837243 via bot id=6377300361
[16.10.24 22:40:50] WARNING [aiogram.dispatcher._signal_stop_polling:455] Received SIGINT signal
[16.10.24 22:40:50] INFO [aiogram.dispatcher._polling:359] Polling stopped for bot @testing_dummy_bot id=6377300361 - 'Testing Dummy'
[16.10.24 22:40:50] INFO [aiogram.dispatcher.start_polling:554] Polling stopped
