[16.10.24 22:37:07] DEBUG [asyncio.__init__:64] Using selector: KqueueSelector
[16.10.24 22:37:07] INFO [aiogram.dispatcher.start_polling:527] Start polling
[16.10.24 22:37:08] INFO [aiogram.dispatcher._polling:341] Run polling for bot @testing_dummy_bot id=6377300361 - 'Testing Dummy'
[16.10.24 22:37:13] DEBUG [root.__call__:92] Event: {
  "update_id": 802862048,
  "message": {
    "message_id": 3463,
    "chat": {
      "id": 265837243,
      "type": "private",
      "username": "doreshnikov"
    },
    "from_user": {
      "id": 265837243,
      "username": "doreshnikov"
    },
    "text": "/grade"
  }
}
[16.10.24 22:37:13] DEBUG [root.__call__:97] State: None
[16.10.24 22:37:13] DEBUG [peewee.execute_sql:3319] ('SELECT "t1"."id_", "t1"."name", "t1"."speciality", "t1"."group" FROM "student" AS "t1" INNER JOIN "tg_user" AS "t2" ON ("t2"."student_id" = "t1"."id_") WHERE ("t2"."tg_id" = ?) LIMIT ?', [265837243, 1])
[16.10.24 22:37:13] DEBUG [peewee.execute_sql:3319] ('SELECT "t1"."student_id", "t1"."tg_id", "t1"."username" FROM "tg_user" AS "t1" WHERE ("t1"."student_id" = ?) LIMIT ?', [0, 1])
[16.10.24 22:37:14] INFO [aiogram.event.feed_update:172] Update id=802862048 is handled. Duration 474 ms by bot id=6377300361
[16.10.24 22:37:15] DEBUG [root.__call__:92] Event: {
  "update_id": 802862049,
  "callback_query": {
    "id": "1141762267381988192",
    "from_user": {
      "id": 265837243,
      "username": "doreshnikov"
    },
    "chat_instance": "5810223480658792996",
    "data": "event:00-introduction"
  }
}
[16.10.24 22:37:15] DEBUG [root.__call__:97] State: GradeState:EVENT_SELECT
[16.10.24 22:37:15] DEBUG [peewee.execute_sql:3319] ('SELECT "t1"."id_", "t1"."name", "t1"."speciality", "t1"."group" FROM "student" AS "t1" INNER JOIN "tg_user" AS "t2" ON ("t2"."student_id" = "t1"."id_") WHERE ("t2"."tg_id" = ?) LIMIT ?', [265837243, 1])
[16.10.24 22:37:15] DEBUG [peewee.execute_sql:3319] ('SELECT "t1"."student_id", "t1"."tg_id", "t1"."username" FROM "tg_user" AS "t1" WHERE ("t1"."student_id" = ?) LIMIT ?', [0, 1])
[16.10.24 22:37:16] INFO [aiogram.event.feed_update:172] Update id=802862049 is handled. Duration 323 ms by bot id=6377300361
[16.10.24 22:37:17] DEBUG [root.__call__:92] Event: {
  "update_id": 802862050,
  "callback_query": {
    "id": "1141762266667315056",
    "from_user": {
      "id": 265837243,
      "username": "doreshnikov"
    },
    "chat_instance": "5810223480658792996",
    "data": "format:text"
  }
}
[16.10.24 22:37:17] DEBUG [root.__call__:97] State: GradeState:FORMAT_SELECT
[16.10.24 22:37:17] DEBUG [peewee.execute_sql:3319] ('SELECT "t1"."id_", "t1"."name", "t1"."speciality", "t1"."group" FROM "student" AS "t1" INNER JOIN "tg_user" AS "t2" ON ("t2"."student_id" = "t1"."id_") WHERE ("t2"."tg_id" = ?) LIMIT ?', [265837243, 1])
[16.10.24 22:37:17] DEBUG [peewee.execute_sql:3319] ('SELECT "t1"."student_id", "t1"."tg_id", "t1"."username" FROM "tg_user" AS "t1" WHERE ("t1"."student_id" = ?) LIMIT ?', [0, 1])
[16.10.24 22:37:17] INFO [aiogram.event.feed_update:172] Update id=802862050 is handled. Duration 300 ms by bot id=6377300361
[16.10.24 22:37:39] DEBUG [root.__call__:92] Event: {
  "update_id": 802862051,
  "message": {
    "message_id": 3465,
    "chat": {
      "id": 265837243,
      "type": "private",
      "username": "doreshnikov"
    },
    "from_user": {
      "id": 265837243,
      "username": "doreshnikov"
    },
    "text": "def guess(): return 0"
  }
}
[16.10.24 22:37:39] DEBUG [root.__call__:97] State: GradeState:CODE
[16.10.24 22:37:39] DEBUG [peewee.execute_sql:3319] ('SELECT "t1"."id_", "t1"."name", "t1"."speciality", "t1"."group" FROM "student" AS "t1" INNER JOIN "tg_user" AS "t2" ON ("t2"."student_id" = "t1"."id_") WHERE ("t2"."tg_id" = ?) LIMIT ?', [265837243, 1])
[16.10.24 22:37:39] DEBUG [peewee.execute_sql:3319] ('SELECT "t1"."student_id", "t1"."tg_id", "t1"."username" FROM "tg_user" AS "t1" WHERE ("t1"."student_id" = ?) LIMIT ?', [0, 1])
[16.10.24 22:37:39] DEBUG [peewee.execute_sql:3319] ('INSERT INTO "submission" ("timestamp", "event", "file_path", "message_id", "student_id") VALUES (?, ?, ?, ?, ?)', [1729107460, '00-introduction', None, 3466, 0])
[16.10.24 22:37:39] INFO [aiogram.event.feed_update:172] Update id=802862051 is handled. Duration 723 ms by bot id=6377300361
[16.10.24 22:37:39] DEBUG [aiogram.utils.chat_action._worker:70] Started chat action 'typing' sender in chat_id=265837243 via bot id=6377300361
[16.10.24 22:37:39] DEBUG [aiogram.utils.chat_action._worker:81] Sent chat action 'typing' to chat_id=265837243 via bot 6377300361 (already sent actions 0)
[16.10.24 22:37:40] DEBUG [peewee.execute_sql:3319] ('INSERT INTO "run" ("task_id", "solution_source", "solution_hash", "verdict", "comment", "invoker_port", "invoker_id", "submission_id") VALUES (?, ?, ?, ?, ?, ?, ?, ?)', ['unique', 'def guess(): return 0', '-1963629566808858878', 'VE', 'recursion is required', None, None, 244])
[16.10.24 22:37:40] DEBUG [aiogram.utils.chat_action._worker:98] Finished chat action 'typing' sender in chat_id=265837243 via bot id=6377300361
[16.10.24 22:37:57] WARNING [aiogram.dispatcher._signal_stop_polling:455] Received SIGINT signal
[16.10.24 22:37:57] INFO [aiogram.dispatcher._polling:359] Polling stopped for bot @testing_dummy_bot id=6377300361 - 'Testing Dummy'
[16.10.24 22:37:57] INFO [aiogram.dispatcher.start_polling:554] Polling stopped
