[13.10.24 00:11:59] DEBUG [asyncio.__init__:64] Using selector: KqueueSelector
[13.10.24 00:11:59] INFO [aiogram.dispatcher.start_polling:527] Start polling
[13.10.24 00:11:59] INFO [aiogram.dispatcher._polling:341] Run polling for bot @testing_dummy_bot id=6377300361 - 'Testing Dummy'
[13.10.24 00:12:02] DEBUG [root.__call__:92] Event: {
  "update_id": 802862008,
  "message": {
    "message_id": 3422,
    "chat": {
      "id": 265837243,
      "type": "private",
      "username": "doreshnikov"
    },
    "from_user": {
      "id": 265837243,
      "username": "doreshnikov"
    },
    "text": "/runs"
  }
}
[13.10.24 00:12:02] DEBUG [root.__call__:97] State: None
[13.10.24 00:12:02] DEBUG [peewee.execute_sql:3319] ('SELECT "t1"."id_", "t1"."name", "t1"."speciality", "t1"."group" FROM "student" AS "t1" INNER JOIN "tg_user" AS "t2" ON ("t2"."student_id" = "t1"."id_") WHERE ("t2"."tg_id" = ?) LIMIT ?', [265837243, 1])
[13.10.24 00:12:02] DEBUG [peewee.execute_sql:3319] ('SELECT "t1"."student_id", "t1"."tg_id", "t1"."username" FROM "tg_user" AS "t1" WHERE ("t1"."student_id" = ?) LIMIT ?', [0, 1])
[13.10.24 00:12:02] DEBUG [peewee.execute_sql:3319] ('SELECT COUNT(1) FROM (SELECT 1 FROM "run" AS "t1" INNER JOIN "submission" AS "t2" ON ("t1"."submission_id" = "t2"."id_") INNER JOIN "student" AS "t3" ON ("t2"."student_id" = "t3"."id_")) AS "_wrapped"', [])
[13.10.24 00:12:02] DEBUG [peewee.execute_sql:3319] ('SELECT "t1"."id_", "t1"."task_id", "t1"."solution_source", "t1"."solution_hash", "t1"."verdict", "t1"."comment", "t1"."invoker_port", "t1"."invoker_id", "t1"."submission_id", "t2"."id_", "t2"."timestamp", "t2"."event", "t2"."file_path", "t2"."message_id", "t2"."student_id", "t3"."id_", "t3"."name", "t3"."speciality", "t3"."group" FROM "run" AS "t1" INNER JOIN "submission" AS "t2" ON ("t1"."submission_id" = "t2"."id_") INNER JOIN "student" AS "t3" ON ("t2"."student_id" = "t3"."id_") ORDER BY "t2"."timestamp" LIMIT ? OFFSET ?', [8, 0])
[13.10.24 00:12:02] INFO [aiogram.event.feed_update:172] Update id=802862008 is handled. Duration 173 ms by bot id=6377300361
[13.10.24 00:12:03] DEBUG [root.__call__:92] Event: {
  "update_id": 802862009,
  "callback_query": {
    "id": "1141762268649298992",
    "from_user": {
      "id": 265837243,
      "username": "doreshnikov"
    },
    "chat_instance": "5810223480658792996",
    "data": "run_filter:action"
  }
}
[13.10.24 00:12:03] DEBUG [root.__call__:97] State: MasterState:RUNS_LIST
[13.10.24 00:12:03] DEBUG [peewee.execute_sql:3319] ('SELECT "t1"."id_", "t1"."name", "t1"."speciality", "t1"."group" FROM "student" AS "t1" INNER JOIN "tg_user" AS "t2" ON ("t2"."student_id" = "t1"."id_") WHERE ("t2"."tg_id" = ?) LIMIT ?', [265837243, 1])
[13.10.24 00:12:03] DEBUG [peewee.execute_sql:3319] ('SELECT "t1"."student_id", "t1"."tg_id", "t1"."username" FROM "tg_user" AS "t1" WHERE ("t1"."student_id" = ?) LIMIT ?', [0, 1])
[13.10.24 00:12:03] INFO [aiogram.event.feed_update:172] Update id=802862009 is handled. Duration 151 ms by bot id=6377300361
[13.10.24 00:12:05] DEBUG [root.__call__:92] Event: {
  "update_id": 802862010,
  "callback_query": {
    "id": "1141762267553793649",
    "from_user": {
      "id": 265837243,
      "username": "doreshnikov"
    },
    "chat_instance": "5810223480658792996",
    "data": "run_action:filter"
  }
}
[13.10.24 00:12:05] DEBUG [root.__call__:97] State: MasterState:ACTION
[13.10.24 00:12:05] DEBUG [peewee.execute_sql:3319] ('SELECT "t1"."id_", "t1"."name", "t1"."speciality", "t1"."group" FROM "student" AS "t1" INNER JOIN "tg_user" AS "t2" ON ("t2"."student_id" = "t1"."id_") WHERE ("t2"."tg_id" = ?) LIMIT ?', [265837243, 1])
[13.10.24 00:12:05] DEBUG [peewee.execute_sql:3319] ('SELECT "t1"."student_id", "t1"."tg_id", "t1"."username" FROM "tg_user" AS "t1" WHERE ("t1"."student_id" = ?) LIMIT ?', [0, 1])
[13.10.24 00:12:05] INFO [aiogram.event.feed_update:172] Update id=802862010 is handled. Duration 90 ms by bot id=6377300361
[13.10.24 00:12:18] DEBUG [root.__call__:92] Event: {
  "update_id": 802862011,
  "message": {
    "message_id": 3425,
    "chat": {
      "id": 265837243,
      "type": "private",
      "username": "doreshnikov"
    },
    "from_user": {
      "id": 265837243,
      "username": "doreshnikov"
    },
    "text": "run.id > 220"
  }
}
[13.10.24 00:12:18] DEBUG [root.__call__:97] State: MasterState:FILTER
[13.10.24 00:12:18] DEBUG [peewee.execute_sql:3319] ('SELECT "t1"."id_", "t1"."name", "t1"."speciality", "t1"."group" FROM "student" AS "t1" INNER JOIN "tg_user" AS "t2" ON ("t2"."student_id" = "t1"."id_") WHERE ("t2"."tg_id" = ?) LIMIT ?', [265837243, 1])
[13.10.24 00:12:18] DEBUG [peewee.execute_sql:3319] ('SELECT "t1"."student_id", "t1"."tg_id", "t1"."username" FROM "tg_user" AS "t1" WHERE ("t1"."student_id" = ?) LIMIT ?', [0, 1])
[13.10.24 00:12:18] DEBUG [peewee.execute_sql:3319] ('SELECT COUNT(1) FROM (SELECT 1 FROM "run" AS "t1" INNER JOIN "submission" AS "t2" ON ("t1"."submission_id" = "t2"."id_") INNER JOIN "student" AS "t3" ON ("t2"."student_id" = "t3"."id_") WHERE ("t1"."id_" > ?)) AS "_wrapped"', [220])
[13.10.24 00:12:18] DEBUG [peewee.execute_sql:3319] ('SELECT "t1"."id_", "t1"."task_id", "t1"."solution_source", "t1"."solution_hash", "t1"."verdict", "t1"."comment", "t1"."invoker_port", "t1"."invoker_id", "t1"."submission_id", "t2"."id_", "t2"."timestamp", "t2"."event", "t2"."file_path", "t2"."message_id", "t2"."student_id", "t3"."id_", "t3"."name", "t3"."speciality", "t3"."group" FROM "run" AS "t1" INNER JOIN "submission" AS "t2" ON ("t1"."submission_id" = "t2"."id_") INNER JOIN "student" AS "t3" ON ("t2"."student_id" = "t3"."id_") WHERE ("t1"."id_" > ?) ORDER BY "t2"."timestamp" LIMIT ? OFFSET ?', [220, 8, 0])
[13.10.24 00:12:18] INFO [aiogram.event.feed_update:172] Update id=802862011 is handled. Duration 126 ms by bot id=6377300361
[13.10.24 00:12:19] DEBUG [root.__call__:92] Event: {
  "update_id": 802862012,
  "callback_query": {
    "id": "1141762266854545316",
    "from_user": {
      "id": 265837243,
      "username": "doreshnikov"
    },
    "chat_instance": "5810223480658792996",
    "data": "run_filter:action"
  }
}
[13.10.24 00:12:19] DEBUG [root.__call__:97] State: MasterState:RUNS_LIST
[13.10.24 00:12:19] DEBUG [peewee.execute_sql:3319] ('SELECT "t1"."id_", "t1"."name", "t1"."speciality", "t1"."group" FROM "student" AS "t1" INNER JOIN "tg_user" AS "t2" ON ("t2"."student_id" = "t1"."id_") WHERE ("t2"."tg_id" = ?) LIMIT ?', [265837243, 1])
[13.10.24 00:12:19] DEBUG [peewee.execute_sql:3319] ('SELECT "t1"."student_id", "t1"."tg_id", "t1"."username" FROM "tg_user" AS "t1" WHERE ("t1"."student_id" = ?) LIMIT ?', [0, 1])
[13.10.24 00:12:19] INFO [aiogram.event.feed_update:172] Update id=802862012 is handled. Duration 127 ms by bot id=6377300361
[13.10.24 00:12:20] DEBUG [root.__call__:92] Event: {
  "update_id": 802862013,
  "callback_query": {
    "id": "1141762267340023167",
    "from_user": {
      "id": 265837243,
      "username": "doreshnikov"
    },
    "chat_instance": "5810223480658792996",
    "data": "run_action:rejudge"
  }
}
[13.10.24 00:12:20] DEBUG [root.__call__:97] State: MasterState:ACTION
[13.10.24 00:12:20] DEBUG [peewee.execute_sql:3319] ('SELECT "t1"."id_", "t1"."name", "t1"."speciality", "t1"."group" FROM "student" AS "t1" INNER JOIN "tg_user" AS "t2" ON ("t2"."student_id" = "t1"."id_") WHERE ("t2"."tg_id" = ?) LIMIT ?', [265837243, 1])
[13.10.24 00:12:20] DEBUG [peewee.execute_sql:3319] ('SELECT "t1"."student_id", "t1"."tg_id", "t1"."username" FROM "tg_user" AS "t1" WHERE ("t1"."student_id" = ?) LIMIT ?', [0, 1])
[13.10.24 00:12:20] DEBUG [peewee.execute_sql:3319] ('SELECT "t1"."id_", "t1"."task_id", "t1"."solution_source", "t1"."solution_hash", "t1"."verdict", "t1"."comment", "t1"."invoker_port", "t1"."invoker_id", "t1"."submission_id", "t2"."id_", "t2"."timestamp", "t2"."event", "t2"."file_path", "t2"."message_id", "t2"."student_id", "t3"."id_", "t3"."name", "t3"."speciality", "t3"."group" FROM "run" AS "t1" INNER JOIN "submission" AS "t2" ON ("t1"."submission_id" = "t2"."id_") INNER JOIN "student" AS "t3" ON ("t2"."student_id" = "t3"."id_") WHERE ("t1"."id_" > ?) ORDER BY "t2"."timestamp" LIMIT ? OFFSET ?', [220, -1, 0])
[13.10.24 00:12:21] INFO [aiogram.event.feed_update:172] Update id=802862013 is handled. Duration 143 ms by bot id=6377300361
[13.10.24 00:12:22] DEBUG [root.__call__:92] Event: {
  "update_id": 802862014,
  "callback_query": {
    "id": "1141762268878662758",
    "from_user": {
      "id": 265837243,
      "username": "doreshnikov"
    },
    "chat_instance": "5810223480658792996",
    "data": "run_rejudge:1"
  }
}
[13.10.24 00:12:22] DEBUG [root.__call__:97] State: MasterState:ACTION
[13.10.24 00:12:22] DEBUG [peewee.execute_sql:3319] ('SELECT "t1"."id_", "t1"."name", "t1"."speciality", "t1"."group" FROM "student" AS "t1" INNER JOIN "tg_user" AS "t2" ON ("t2"."student_id" = "t1"."id_") WHERE ("t2"."tg_id" = ?) LIMIT ?', [265837243, 1])
[13.10.24 00:12:22] DEBUG [peewee.execute_sql:3319] ('SELECT "t1"."student_id", "t1"."tg_id", "t1"."username" FROM "tg_user" AS "t1" WHERE ("t1"."student_id" = ?) LIMIT ?', [0, 1])
[13.10.24 00:12:22] INFO [aiogram.event.feed_update:172] Update id=802862014 is handled. Duration 246 ms by bot id=6377300361
[13.10.24 00:12:22] DEBUG [aiogram.utils.chat_action._worker:70] Started chat action 'typing' sender in chat_id=6377300361 via bot id=6377300361
[13.10.24 00:12:22] INFO [socket-wrapper.__enter__:47] Connected on port 8093
[13.10.24 00:12:22] INFO [socket-wrapper.__exit__:52] Released port 8093
[13.10.24 00:12:22] INFO [socket-wrapper.__enter__:47] Connected on port 8094
[13.10.24 00:12:22] INFO [socket-wrapper.__exit__:52] Released port 8094
[13.10.24 00:12:22] INFO [socket-wrapper.__enter__:47] Connected on port 8093
[13.10.24 00:12:22] INFO [socket-wrapper.__exit__:52] Released port 8093
[13.10.24 00:12:22] INFO [socket-wrapper.__enter__:47] Connected on port 8094
[13.10.24 00:12:22] INFO [socket-wrapper.__exit__:52] Released port 8094
[13.10.24 00:12:22] INFO [socket-wrapper.__enter__:47] Connected on port 8093
[13.10.24 00:12:22] INFO [socket-wrapper.__exit__:52] Released port 8093
[13.10.24 00:12:22] INFO [socket-wrapper.__enter__:47] Connected on port 8094
[13.10.24 00:12:22] INFO [socket-wrapper.__exit__:52] Released port 8094
[13.10.24 00:12:22] INFO [socket-wrapper.__enter__:47] Connected on port 8093
[13.10.24 00:12:22] INFO [socket-wrapper.__exit__:52] Released port 8093
[13.10.24 00:12:22] DEBUG [peewee.execute_sql:3319] ('UPDATE "run" SET "task_id" = ?, "solution_source" = ?, "solution_hash" = ?, "verdict" = ?, "comment" = ?, "invoker_port" = ?, "invoker_id" = ?, "submission_id" = ? WHERE ("run"."id_" = ?)', ['unique', 'def unique(a):\n    b = []\n    for x in a:\n        if x not in b:\n            b.append(x)\n    return b', '-2071454641402250415', 'OK', None, None, None, 231, 221])
[13.10.24 00:12:22] DEBUG [aiogram.utils.chat_action._worker:81] Sent chat action 'typing' to chat_id=6377300361 via bot 6377300361 (already sent actions 0)
[13.10.24 00:12:22] INFO [socket-wrapper.__enter__:47] Connected on port 8094
[13.10.24 00:12:22] INFO [socket-wrapper.__exit__:52] Released port 8094
[13.10.24 00:12:22] DEBUG [peewee.execute_sql:3319] ('SELECT "t1"."id_", "t1"."name", "t1"."speciality", "t1"."group" FROM "student" AS "t1" WHERE ("t1"."id_" = ?) LIMIT ?', [41, 1])
[13.10.24 00:12:22] DEBUG [peewee.execute_sql:3319] ('UPDATE "run" SET "task_id" = ?, "solution_source" = ?, "solution_hash" = ?, "verdict" = ?, "comment" = ?, "invoker_port" = ?, "invoker_id" = ?, "submission_id" = ? WHERE ("run"."id_" = ?)', ['whoami', "def whoami():\n    print('Горбушкин Григорий Родионович')", '7992751387883954601', 'OK', None, None, None, 232, 222])
[13.10.24 00:12:22] INFO [socket-wrapper.__enter__:47] Connected on port 8093
[13.10.24 00:12:22] INFO [socket-wrapper.__exit__:52] Released port 8093
[13.10.24 00:12:22] DEBUG [peewee.execute_sql:3319] ('UPDATE "run" SET "task_id" = ?, "solution_source" = ?, "solution_hash" = ?, "verdict" = ?, "comment" = ?, "invoker_port" = ?, "invoker_id" = ?, "submission_id" = ? WHERE ("run"."id_" = ?)', ['unique', 'def unique(a):\n    b = []\n    for x in a:\n        if x not in b:\n            b.append(x)\n    a = b\n    print(a)', '1266293264614683548', 'IA', "[test 1] expected a list, got 'None'", 8093, '898f3168db756bc287105efe7058db5317fac9654679f08b9e7fd84930fb4557', 232, 223])
[13.10.24 00:12:22] INFO [socket-wrapper.__enter__:47] Connected on port 8094
[13.10.24 00:12:22] INFO [socket-wrapper.__exit__:52] Released port 8094
[13.10.24 00:12:22] DEBUG [peewee.execute_sql:3319] ('SELECT "t1"."id_", "t1"."name", "t1"."speciality", "t1"."group" FROM "student" AS "t1" WHERE ("t1"."id_" = ?) LIMIT ?', [41, 1])
[13.10.24 00:12:22] DEBUG [peewee.execute_sql:3319] ('UPDATE "run" SET "task_id" = ?, "solution_source" = ?, "solution_hash" = ?, "verdict" = ?, "comment" = ?, "invoker_port" = ?, "invoker_id" = ?, "submission_id" = ? WHERE ("run"."id_" = ?)', ['whoami', "def whoami():\n    print('Горбушкин Григорий Родионович')", '7992751387883954601', 'OK', None, None, None, 233, 224])
[13.10.24 00:12:22] INFO [socket-wrapper.__enter__:47] Connected on port 8093
[13.10.24 00:12:22] INFO [socket-wrapper.__exit__:52] Released port 8093
[13.10.24 00:12:22] INFO [socket-wrapper.__enter__:47] Connected on port 8094
[13.10.24 00:12:22] INFO [socket-wrapper.__exit__:52] Released port 8094
[13.10.24 00:12:22] INFO [socket-wrapper.__enter__:47] Connected on port 8093
[13.10.24 00:12:22] INFO [socket-wrapper.__exit__:52] Released port 8093
[13.10.24 00:12:22] INFO [socket-wrapper.__enter__:47] Connected on port 8094
[13.10.24 00:12:22] INFO [socket-wrapper.__exit__:52] Released port 8094
[13.10.24 00:12:22] INFO [socket-wrapper.__enter__:47] Connected on port 8093
[13.10.24 00:12:22] INFO [socket-wrapper.__exit__:52] Released port 8093
[13.10.24 00:12:22] INFO [socket-wrapper.__enter__:47] Connected on port 8094
[13.10.24 00:12:22] INFO [socket-wrapper.__exit__:52] Released port 8094
[13.10.24 00:12:22] INFO [socket-wrapper.__enter__:47] Connected on port 8093
[13.10.24 00:12:22] INFO [socket-wrapper.__exit__:52] Released port 8093
[13.10.24 00:12:22] DEBUG [peewee.execute_sql:3319] ('UPDATE "run" SET "task_id" = ?, "solution_source" = ?, "solution_hash" = ?, "verdict" = ?, "comment" = ?, "invoker_port" = ?, "invoker_id" = ?, "submission_id" = ? WHERE ("run"."id_" = ?)', ['unique', 'def unique(a):\n    b = []\n    for x in a:\n        if x not in b:\n            b.append(x)\n    return b', '-2071454641402250415', 'OK', None, None, None, 233, 225])
[13.10.24 00:12:22] DEBUG [peewee.execute_sql:3319] ('UPDATE "run" SET "task_id" = ?, "solution_source" = ?, "solution_hash" = ?, "verdict" = ?, "comment" = ?, "invoker_port" = ?, "invoker_id" = ?, "submission_id" = ? WHERE ("run"."id_" = ?)', ['whoami', "def whoami(): os = __import__('os'); print(os.listdir())", '-3461685368420535335', 'VE', "no name nodes with name '__import__' allowed", 8083, '263e0173d0c69044d3c939bfade77506537a52c905d620b3934e584405f095a0', 234, 226])
[13.10.24 00:12:22] INFO [socket-wrapper.__enter__:47] Connected on port 8094
[13.10.24 00:12:22] INFO [socket-wrapper.__exit__:52] Released port 8094
[13.10.24 00:12:22] INFO [socket-wrapper.__enter__:47] Connected on port 8093
[13.10.24 00:12:22] INFO [socket-wrapper.__exit__:52] Released port 8093
[13.10.24 00:12:22] INFO [socket-wrapper.__enter__:47] Connected on port 8094
[13.10.24 00:12:22] INFO [socket-wrapper.__exit__:52] Released port 8094
[13.10.24 00:12:22] INFO [socket-wrapper.__enter__:47] Connected on port 8093
[13.10.24 00:12:22] INFO [socket-wrapper.__exit__:52] Released port 8093
[13.10.24 00:12:22] INFO [socket-wrapper.__enter__:47] Connected on port 8094
[13.10.24 00:12:22] INFO [socket-wrapper.__exit__:52] Released port 8094
[13.10.24 00:12:22] INFO [socket-wrapper.__enter__:47] Connected on port 8093
[13.10.24 00:12:22] INFO [socket-wrapper.__exit__:52] Released port 8093
[13.10.24 00:12:22] INFO [socket-wrapper.__enter__:47] Connected on port 8094
[13.10.24 00:12:22] INFO [socket-wrapper.__exit__:52] Released port 8094
[13.10.24 00:12:22] DEBUG [peewee.execute_sql:3319] ('UPDATE "run" SET "task_id" = ?, "solution_source" = ?, "solution_hash" = ?, "verdict" = ?, "comment" = ?, "invoker_port" = ?, "invoker_id" = ?, "submission_id" = ? WHERE ("run"."id_" = ?)', ['unique', 'def unique(a: list) -> list:\n    b = []\n    for i, item in enumerate(a):\n        found = False\n        for prev_item in b:\n            if item == prev_item:\n                found = True\n                break\n        if not found:\n            b.append(item)\n    return b', '6077283764811226594', 'OK', None, None, None, 235, 227])
[13.10.24 00:12:23] DEBUG [peewee.execute_sql:3319] ('UPDATE "run" SET "task_id" = ?, "solution_source" = ?, "solution_hash" = ?, "verdict" = ?, "comment" = ?, "invoker_port" = ?, "invoker_id" = ?, "submission_id" = ? WHERE ("run"."id_" = ?)', ['whoami', "def whoami(): os = __import__('os'); print(os.listdir())", '-173638941542581545', 'VE', "no name nodes with name '__import__' allowed", None, None, 236, 228])
[13.10.24 00:12:23] DEBUG [aiogram.utils.chat_action._worker:98] Finished chat action 'typing' sender in chat_id=6377300361 via bot id=6377300361
[13.10.24 00:12:48] WARNING [aiogram.dispatcher._signal_stop_polling:455] Received SIGINT signal
[13.10.24 00:12:48] INFO [aiogram.dispatcher._polling:359] Polling stopped for bot @testing_dummy_bot id=6377300361 - 'Testing Dummy'
[13.10.24 00:12:48] INFO [aiogram.dispatcher.start_polling:554] Polling stopped
