[16.10.24 22:40:52] DEBUG [asyncio.__init__:64] Using selector: KqueueSelector
[16.10.24 22:40:52] INFO [aiogram.dispatcher.start_polling:527] Start polling
[16.10.24 22:40:52] INFO [aiogram.dispatcher._polling:341] Run polling for bot @testing_dummy_bot id=6377300361 - 'Testing Dummy'
[16.10.24 22:40:52] DEBUG [root.__call__:92] Event: {
  "update_id": 802862060,
  "message": {
    "message_id": 3475,
    "chat": {
      "id": 265837243,
      "type": "private",
      "username": "doreshnikov"
    },
    "from_user": {
      "id": 265837243,
      "username": "doreshnikov"
    },
    "text": "/grade"
  }
}
[16.10.24 22:40:52] DEBUG [root.__call__:97] State: None
[16.10.24 22:40:52] DEBUG [peewee.execute_sql:3319] ('SELECT "t1"."id_", "t1"."name", "t1"."speciality", "t1"."group" FROM "student" AS "t1" INNER JOIN "tg_user" AS "t2" ON ("t2"."student_id" = "t1"."id_") WHERE ("t2"."tg_id" = ?) LIMIT ?', [265837243, 1])
[16.10.24 22:40:52] DEBUG [peewee.execute_sql:3319] ('SELECT "t1"."student_id", "t1"."tg_id", "t1"."username" FROM "tg_user" AS "t1" WHERE ("t1"."student_id" = ?) LIMIT ?', [0, 1])
[16.10.24 22:40:53] INFO [aiogram.event.feed_update:172] Update id=802862060 is handled. Duration 462 ms by bot id=6377300361
[16.10.24 22:40:55] DEBUG [root.__call__:92] Event: {
  "update_id": 802862061,
  "callback_query": {
    "id": "1141762268208546226",
    "from_user": {
      "id": 265837243,
      "username": "doreshnikov"
    },
    "chat_instance": "5810223480658792996",
    "data": "event:00-introduction"
  }
}
[16.10.24 22:40:55] DEBUG [root.__call__:97] State: GradeState:EVENT_SELECT
[16.10.24 22:40:55] DEBUG [peewee.execute_sql:3319] ('SELECT "t1"."id_", "t1"."name", "t1"."speciality", "t1"."group" FROM "student" AS "t1" INNER JOIN "tg_user" AS "t2" ON ("t2"."student_id" = "t1"."id_") WHERE ("t2"."tg_id" = ?) LIMIT ?', [265837243, 1])
[16.10.24 22:40:55] DEBUG [peewee.execute_sql:3319] ('SELECT "t1"."student_id", "t1"."tg_id", "t1"."username" FROM "tg_user" AS "t1" WHERE ("t1"."student_id" = ?) LIMIT ?', [0, 1])
[16.10.24 22:40:55] INFO [aiogram.event.feed_update:172] Update id=802862061 is handled. Duration 337 ms by bot id=6377300361
[16.10.24 22:40:56] DEBUG [root.__call__:92] Event: {
  "update_id": 802862062,
  "callback_query": {
    "id": "1141762266543366821",
    "from_user": {
      "id": 265837243,
      "username": "doreshnikov"
    },
    "chat_instance": "5810223480658792996",
    "data": "format:text"
  }
}
[16.10.24 22:40:56] DEBUG [root.__call__:97] State: GradeState:FORMAT_SELECT
[16.10.24 22:40:56] DEBUG [peewee.execute_sql:3319] ('SELECT "t1"."id_", "t1"."name", "t1"."speciality", "t1"."group" FROM "student" AS "t1" INNER JOIN "tg_user" AS "t2" ON ("t2"."student_id" = "t1"."id_") WHERE ("t2"."tg_id" = ?) LIMIT ?', [265837243, 1])
[16.10.24 22:40:56] DEBUG [peewee.execute_sql:3319] ('SELECT "t1"."student_id", "t1"."tg_id", "t1"."username" FROM "tg_user" AS "t1" WHERE ("t1"."student_id" = ?) LIMIT ?', [0, 1])
[16.10.24 22:40:56] INFO [aiogram.event.feed_update:172] Update id=802862062 is handled. Duration 482 ms by bot id=6377300361
[16.10.24 22:40:57] DEBUG [root.__call__:92] Event: {
  "update_id": 802862063,
  "message": {
    "message_id": 3477,
    "chat": {
      "id": 265837243,
      "type": "private",
      "username": "doreshnikov"
    },
    "from_user": {
      "id": 265837243,
      "username": "doreshnikov"
    },
    "text": "def guess():\n    include_me = False\n    if include_me:\n        guess()\n    return 0"
  }
}
[16.10.24 22:40:57] DEBUG [root.__call__:97] State: GradeState:CODE
[16.10.24 22:40:57] DEBUG [peewee.execute_sql:3319] ('SELECT "t1"."id_", "t1"."name", "t1"."speciality", "t1"."group" FROM "student" AS "t1" INNER JOIN "tg_user" AS "t2" ON ("t2"."student_id" = "t1"."id_") WHERE ("t2"."tg_id" = ?) LIMIT ?', [265837243, 1])
[16.10.24 22:40:57] DEBUG [peewee.execute_sql:3319] ('SELECT "t1"."student_id", "t1"."tg_id", "t1"."username" FROM "tg_user" AS "t1" WHERE ("t1"."student_id" = ?) LIMIT ?', [0, 1])
[16.10.24 22:40:58] DEBUG [peewee.execute_sql:3319] ('INSERT INTO "submission" ("timestamp", "event", "file_path", "message_id", "student_id") VALUES (?, ?, ?, ?, ?)', [1729107658, '00-introduction', None, 3478, 0])
[16.10.24 22:40:58] INFO [aiogram.event.feed_update:172] Update id=802862063 is handled. Duration 172 ms by bot id=6377300361
[16.10.24 22:40:58] DEBUG [aiogram.utils.chat_action._worker:70] Started chat action 'typing' sender in chat_id=265837243 via bot id=6377300361
[16.10.24 22:40:58] DEBUG [aiogram.utils.chat_action._worker:81] Sent chat action 'typing' to chat_id=265837243 via bot 6377300361 (already sent actions 0)
[16.10.24 22:40:59] INFO [socket-wrapper.__enter__:42] Connected on port 65500
[16.10.24 22:40:59] INFO [socket-wrapper.__exit__:47] Released port 65500
[16.10.24 22:40:59] DEBUG [peewee.execute_sql:3319] ('INSERT INTO "run" ("task_id", "solution_source", "solution_hash", "verdict", "comment", "invoker_port", "invoker_id", "submission_id") VALUES (?, ?, ?, ?, ?, ?, ?, ?)', ['breakme', 'def guess():\n    include_me = False\n    if include_me:\n        guess()\n    return 0', '-2773759848572770556', 'IA', '[test 1] expected some other answer type but you are close', 65500, '1506536694ed1f1ab981cad9f34887faf5220569ec0e450203730e0b1b53f26c', 247])
[16.10.24 22:40:59] DEBUG [aiogram.utils.chat_action._worker:98] Finished chat action 'typing' sender in chat_id=265837243 via bot id=6377300361
[16.10.24 22:41:08] DEBUG [root.__call__:92] Event: {
  "update_id": 802862064,
  "message": {
    "message_id": 3479,
    "chat": {
      "id": 265837243,
      "type": "private",
      "username": "doreshnikov"
    },
    "from_user": {
      "id": 265837243,
      "username": "doreshnikov"
    },
    "text": "/grade"
  }
}
[16.10.24 22:41:08] DEBUG [root.__call__:97] State: None
[16.10.24 22:41:08] DEBUG [peewee.execute_sql:3319] ('SELECT "t1"."id_", "t1"."name", "t1"."speciality", "t1"."group" FROM "student" AS "t1" INNER JOIN "tg_user" AS "t2" ON ("t2"."student_id" = "t1"."id_") WHERE ("t2"."tg_id" = ?) LIMIT ?', [265837243, 1])
[16.10.24 22:41:08] DEBUG [peewee.execute_sql:3319] ('SELECT "t1"."student_id", "t1"."tg_id", "t1"."username" FROM "tg_user" AS "t1" WHERE ("t1"."student_id" = ?) LIMIT ?', [0, 1])
[16.10.24 22:41:09] INFO [aiogram.event.feed_update:172] Update id=802862064 is handled. Duration 210 ms by bot id=6377300361
[16.10.24 22:41:10] DEBUG [root.__call__:92] Event: {
  "update_id": 802862065,
  "callback_query": {
    "id": "1141762265972678096",
    "from_user": {
      "id": 265837243,
      "username": "doreshnikov"
    },
    "chat_instance": "5810223480658792996",
    "data": "event:00-introduction"
  }
}
[16.10.24 22:41:10] DEBUG [root.__call__:97] State: GradeState:EVENT_SELECT
[16.10.24 22:41:10] DEBUG [peewee.execute_sql:3319] ('SELECT "t1"."id_", "t1"."name", "t1"."speciality", "t1"."group" FROM "student" AS "t1" INNER JOIN "tg_user" AS "t2" ON ("t2"."student_id" = "t1"."id_") WHERE ("t2"."tg_id" = ?) LIMIT ?', [265837243, 1])
[16.10.24 22:41:10] DEBUG [peewee.execute_sql:3319] ('SELECT "t1"."student_id", "t1"."tg_id", "t1"."username" FROM "tg_user" AS "t1" WHERE ("t1"."student_id" = ?) LIMIT ?', [0, 1])
[16.10.24 22:41:10] INFO [aiogram.event.feed_update:172] Update id=802862065 is handled. Duration 657 ms by bot id=6377300361
[16.10.24 22:41:11] DEBUG [root.__call__:92] Event: {
  "update_id": 802862066,
  "callback_query": {
    "id": "1141762268262552055",
    "from_user": {
      "id": 265837243,
      "username": "doreshnikov"
    },
    "chat_instance": "5810223480658792996",
    "data": "format:text"
  }
}
[16.10.24 22:41:11] DEBUG [root.__call__:97] State: GradeState:FORMAT_SELECT
[16.10.24 22:41:11] DEBUG [peewee.execute_sql:3319] ('SELECT "t1"."id_", "t1"."name", "t1"."speciality", "t1"."group" FROM "student" AS "t1" INNER JOIN "tg_user" AS "t2" ON ("t2"."student_id" = "t1"."id_") WHERE ("t2"."tg_id" = ?) LIMIT ?', [265837243, 1])
[16.10.24 22:41:11] DEBUG [peewee.execute_sql:3319] ('SELECT "t1"."student_id", "t1"."tg_id", "t1"."username" FROM "tg_user" AS "t1" WHERE ("t1"."student_id" = ?) LIMIT ?', [0, 1])
[16.10.24 22:41:12] INFO [aiogram.event.feed_update:172] Update id=802862066 is handled. Duration 439 ms by bot id=6377300361
[16.10.24 22:41:14] DEBUG [root.__call__:92] Event: {
  "update_id": 802862067,
  "message": {
    "message_id": 3481,
    "chat": {
      "id": 265837243,
      "type": "private",
      "username": "doreshnikov"
    },
    "from_user": {
      "id": 265837243,
      "username": "doreshnikov"
    },
    "text": "def guess():\n    include_me = False\n    if include_me:\n        guess()\n    return \"1\""
  }
}
[16.10.24 22:41:14] DEBUG [root.__call__:97] State: GradeState:CODE
[16.10.24 22:41:14] DEBUG [peewee.execute_sql:3319] ('SELECT "t1"."id_", "t1"."name", "t1"."speciality", "t1"."group" FROM "student" AS "t1" INNER JOIN "tg_user" AS "t2" ON ("t2"."student_id" = "t1"."id_") WHERE ("t2"."tg_id" = ?) LIMIT ?', [265837243, 1])
[16.10.24 22:41:14] DEBUG [peewee.execute_sql:3319] ('SELECT "t1"."student_id", "t1"."tg_id", "t1"."username" FROM "tg_user" AS "t1" WHERE ("t1"."student_id" = ?) LIMIT ?', [0, 1])
[16.10.24 22:41:15] DEBUG [peewee.execute_sql:3319] ('INSERT INTO "submission" ("timestamp", "event", "file_path", "message_id", "student_id") VALUES (?, ?, ?, ?, ?)', [1729107675, '00-introduction', None, 3482, 0])
[16.10.24 22:41:15] INFO [aiogram.event.feed_update:172] Update id=802862067 is handled. Duration 168 ms by bot id=6377300361
[16.10.24 22:41:15] DEBUG [aiogram.utils.chat_action._worker:70] Started chat action 'typing' sender in chat_id=265837243 via bot id=6377300361
[16.10.24 22:41:15] DEBUG [aiogram.utils.chat_action._worker:81] Sent chat action 'typing' to chat_id=265837243 via bot 6377300361 (already sent actions 0)
[16.10.24 22:41:15] INFO [socket-wrapper.__enter__:42] Connected on port 65501
[16.10.24 22:41:15] INFO [socket-wrapper.__exit__:47] Released port 65501
[16.10.24 22:41:15] DEBUG [peewee.execute_sql:3319] ('INSERT INTO "run" ("task_id", "solution_source", "solution_hash", "verdict", "comment", "invoker_port", "invoker_id", "submission_id") VALUES (?, ?, ?, ?, ?, ?, ?, ?)', ['breakme', 'def guess():\n    include_me = False\n    if include_me:\n        guess()\n    return "1"', '-606380414723120554', 'WA', '[test 1] make it smaller', 65501, '920a3f0c1053d6a341458bc6abc670aab57cc00bb8a22942444d06bba0429bad', 248])
[16.10.24 22:41:16] DEBUG [aiogram.utils.chat_action._worker:98] Finished chat action 'typing' sender in chat_id=265837243 via bot id=6377300361
[16.10.24 22:41:20] DEBUG [root.__call__:92] Event: {
  "update_id": 802862068,
  "message": {
    "message_id": 3483,
    "chat": {
      "id": 265837243,
      "type": "private",
      "username": "doreshnikov"
    },
    "from_user": {
      "id": 265837243,
      "username": "doreshnikov"
    },
    "text": "/grade"
  }
}
[16.10.24 22:41:20] DEBUG [root.__call__:97] State: None
[16.10.24 22:41:20] DEBUG [peewee.execute_sql:3319] ('SELECT "t1"."id_", "t1"."name", "t1"."speciality", "t1"."group" FROM "student" AS "t1" INNER JOIN "tg_user" AS "t2" ON ("t2"."student_id" = "t1"."id_") WHERE ("t2"."tg_id" = ?) LIMIT ?', [265837243, 1])
[16.10.24 22:41:20] DEBUG [peewee.execute_sql:3319] ('SELECT "t1"."student_id", "t1"."tg_id", "t1"."username" FROM "tg_user" AS "t1" WHERE ("t1"."student_id" = ?) LIMIT ?', [0, 1])
[16.10.24 22:41:20] INFO [aiogram.event.feed_update:172] Update id=802862068 is handled. Duration 228 ms by bot id=6377300361
[16.10.24 22:41:21] DEBUG [root.__call__:92] Event: {
  "update_id": 802862069,
  "callback_query": {
    "id": "1141762265898931860",
    "from_user": {
      "id": 265837243,
      "username": "doreshnikov"
    },
    "chat_instance": "5810223480658792996",
    "data": "event:00-introduction"
  }
}
[16.10.24 22:41:21] DEBUG [root.__call__:97] State: GradeState:EVENT_SELECT
[16.10.24 22:41:21] DEBUG [peewee.execute_sql:3319] ('SELECT "t1"."id_", "t1"."name", "t1"."speciality", "t1"."group" FROM "student" AS "t1" INNER JOIN "tg_user" AS "t2" ON ("t2"."student_id" = "t1"."id_") WHERE ("t2"."tg_id" = ?) LIMIT ?', [265837243, 1])
[16.10.24 22:41:21] DEBUG [peewee.execute_sql:3319] ('SELECT "t1"."student_id", "t1"."tg_id", "t1"."username" FROM "tg_user" AS "t1" WHERE ("t1"."student_id" = ?) LIMIT ?', [0, 1])
[16.10.24 22:41:22] INFO [aiogram.event.feed_update:172] Update id=802862069 is handled. Duration 716 ms by bot id=6377300361
[16.10.24 22:41:22] DEBUG [root.__call__:92] Event: {
  "update_id": 802862070,
  "callback_query": {
    "id": "1141762265815809417",
    "from_user": {
      "id": 265837243,
      "username": "doreshnikov"
    },
    "chat_instance": "5810223480658792996",
    "data": "format:text"
  }
}
[16.10.24 22:41:22] DEBUG [root.__call__:97] State: GradeState:FORMAT_SELECT
[16.10.24 22:41:22] DEBUG [peewee.execute_sql:3319] ('SELECT "t1"."id_", "t1"."name", "t1"."speciality", "t1"."group" FROM "student" AS "t1" INNER JOIN "tg_user" AS "t2" ON ("t2"."student_id" = "t1"."id_") WHERE ("t2"."tg_id" = ?) LIMIT ?', [265837243, 1])
[16.10.24 22:41:22] DEBUG [peewee.execute_sql:3319] ('SELECT "t1"."student_id", "t1"."tg_id", "t1"."username" FROM "tg_user" AS "t1" WHERE ("t1"."student_id" = ?) LIMIT ?', [0, 1])
[16.10.24 22:41:23] INFO [aiogram.event.feed_update:172] Update id=802862070 is handled. Duration 347 ms by bot id=6377300361
[16.10.24 22:41:26] DEBUG [root.__call__:92] Event: {
  "update_id": 802862071,
  "message": {
    "message_id": 3485,
    "chat": {
      "id": 265837243,
      "type": "private",
      "username": "doreshnikov"
    },
    "from_user": {
      "id": 265837243,
      "username": "doreshnikov"
    },
    "text": "def guess():\n    include_me = False\n    if include_me:\n        guess()\n    return \"0\""
  }
}
[16.10.24 22:41:26] DEBUG [root.__call__:97] State: GradeState:CODE
[16.10.24 22:41:26] DEBUG [peewee.execute_sql:3319] ('SELECT "t1"."id_", "t1"."name", "t1"."speciality", "t1"."group" FROM "student" AS "t1" INNER JOIN "tg_user" AS "t2" ON ("t2"."student_id" = "t1"."id_") WHERE ("t2"."tg_id" = ?) LIMIT ?', [265837243, 1])
[16.10.24 22:41:26] DEBUG [peewee.execute_sql:3319] ('SELECT "t1"."student_id", "t1"."tg_id", "t1"."username" FROM "tg_user" AS "t1" WHERE ("t1"."student_id" = ?) LIMIT ?', [0, 1])
[16.10.24 22:41:26] DEBUG [peewee.execute_sql:3319] ('INSERT INTO "submission" ("timestamp", "event", "file_path", "message_id", "student_id") VALUES (?, ?, ?, ?, ?)', [1729107687, '00-introduction', None, 3486, 0])
[16.10.24 22:41:26] INFO [aiogram.event.feed_update:172] Update id=802862071 is handled. Duration 178 ms by bot id=6377300361
[16.10.24 22:41:26] DEBUG [aiogram.utils.chat_action._worker:70] Started chat action 'typing' sender in chat_id=265837243 via bot id=6377300361
[16.10.24 22:41:26] DEBUG [aiogram.utils.chat_action._worker:81] Sent chat action 'typing' to chat_id=265837243 via bot 6377300361 (already sent actions 0)
[16.10.24 22:41:26] INFO [socket-wrapper.__enter__:42] Connected on port 65500
[16.10.24 22:41:26] INFO [socket-wrapper.__exit__:47] Released port 65500
[16.10.24 22:41:26] DEBUG [peewee.execute_sql:3319] ('INSERT INTO "run" ("task_id", "solution_source", "solution_hash", "verdict", "comment", "invoker_port", "invoker_id", "submission_id") VALUES (?, ?, ?, ?, ?, ?, ?, ?)', ['breakme', 'def guess():\n    include_me = False\n    if include_me:\n        guess()\n    return "0"', '-2301723349827116418', 'OK', None, None, None, 249])
[16.10.24 22:41:27] DEBUG [aiogram.utils.chat_action._worker:98] Finished chat action 'typing' sender in chat_id=265837243 via bot id=6377300361
[16.10.24 22:41:30] WARNING [aiogram.dispatcher._signal_stop_polling:455] Received SIGINT signal
[16.10.24 22:41:30] INFO [aiogram.dispatcher._polling:359] Polling stopped for bot @testing_dummy_bot id=6377300361 - 'Testing Dummy'
[16.10.24 22:41:30] INFO [aiogram.dispatcher.start_polling:554] Polling stopped
