[23.10.24 01:28:43] DEBUG [asyncio.__init__:64] Using selector: KqueueSelector
[23.10.24 01:28:43] INFO [aiogram.dispatcher.start_polling:527] Start polling
[23.10.24 01:28:43] INFO [aiogram.dispatcher._polling:341] Run polling for bot @testing_dummy_bot id=6377300361 - 'Testing Dummy'
[23.10.24 01:28:53] DEBUG [root.__call__:92] Event: {
  "update_id": 802862080,
  "message": {
    "message_id": 3495,
    "chat": {
      "id": 265837243,
      "type": "private",
      "username": "doreshnikov"
    },
    "from_user": {
      "id": 265837243,
      "username": "doreshnikov"
    },
    "text": "/statements"
  }
}
[23.10.24 01:28:53] DEBUG [root.__call__:97] State: None
[23.10.24 01:28:53] DEBUG [peewee.execute_sql:3319] ('SELECT "t1"."id_", "t1"."name", "t1"."speciality", "t1"."group" FROM "student" AS "t1" INNER JOIN "tg_user" AS "t2" ON ("t2"."student_id" = "t1"."id_") WHERE ("t2"."tg_id" = ?) LIMIT ?', [265837243, 1])
[23.10.24 01:28:53] DEBUG [peewee.execute_sql:3319] ('SELECT "t1"."student_id", "t1"."tg_id", "t1"."username" FROM "tg_user" AS "t1" WHERE ("t1"."student_id" = ?) LIMIT ?', [0, 1])
[23.10.24 01:28:53] INFO [aiogram.event.feed_update:172] Update id=802862080 is not handled. Duration 6 ms by bot id=6377300361
[23.10.24 01:29:20] DEBUG [root.__call__:92] Event: {
  "update_id": 802862081,
  "message": {
    "message_id": 3496,
    "chat": {
      "id": 265837243,
      "type": "private",
      "username": "doreshnikov"
    },
    "from_user": {
      "id": 265837243,
      "username": "doreshnikov"
    },
    "text": "/statement"
  }
}
[23.10.24 01:29:20] DEBUG [root.__call__:97] State: None
[23.10.24 01:29:20] DEBUG [peewee.execute_sql:3319] ('SELECT "t1"."id_", "t1"."name", "t1"."speciality", "t1"."group" FROM "student" AS "t1" INNER JOIN "tg_user" AS "t2" ON ("t2"."student_id" = "t1"."id_") WHERE ("t2"."tg_id" = ?) LIMIT ?', [265837243, 1])
[23.10.24 01:29:20] DEBUG [peewee.execute_sql:3319] ('SELECT "t1"."student_id", "t1"."tg_id", "t1"."username" FROM "tg_user" AS "t1" WHERE ("t1"."student_id" = ?) LIMIT ?', [0, 1])
[23.10.24 01:29:20] INFO [aiogram.event.feed_update:172] Update id=802862081 is handled. Duration 241 ms by bot id=6377300361
[23.10.24 01:29:24] DEBUG [root.__call__:92] Event: {
  "update_id": 802862082,
  "callback_query": {
    "id": "1141762264767434496",
    "from_user": {
      "id": 265837243,
      "username": "doreshnikov"
    },
    "chat_instance": "5810223480658792996",
    "data": "event:01-maths"
  }
}
[23.10.24 01:29:24] DEBUG [root.__call__:97] State: StatementState:EVENT_SELECT
[23.10.24 01:29:24] DEBUG [peewee.execute_sql:3319] ('SELECT "t1"."id_", "t1"."name", "t1"."speciality", "t1"."group" FROM "student" AS "t1" INNER JOIN "tg_user" AS "t2" ON ("t2"."student_id" = "t1"."id_") WHERE ("t2"."tg_id" = ?) LIMIT ?', [265837243, 1])
[23.10.24 01:29:24] DEBUG [peewee.execute_sql:3319] ('SELECT "t1"."student_id", "t1"."tg_id", "t1"."username" FROM "tg_user" AS "t1" WHERE ("t1"."student_id" = ?) LIMIT ?', [0, 1])
[23.10.24 01:29:24] INFO [aiogram.event.feed_update:172] Update id=802862082 is handled. Duration 145 ms by bot id=6377300361
[23.10.24 01:29:53] DEBUG [root.__call__:92] Event: {
  "update_id": 802862083,
  "message": {
    "message_id": 3498,
    "chat": {
      "id": 265837243,
      "type": "private",
      "username": "doreshnikov"
    },
    "from_user": {
      "id": 265837243,
      "username": "doreshnikov"
    },
    "text": "/statement"
  }
}
[23.10.24 01:29:53] DEBUG [root.__call__:97] State: None
[23.10.24 01:29:53] DEBUG [peewee.execute_sql:3319] ('SELECT "t1"."id_", "t1"."name", "t1"."speciality", "t1"."group" FROM "student" AS "t1" INNER JOIN "tg_user" AS "t2" ON ("t2"."student_id" = "t1"."id_") WHERE ("t2"."tg_id" = ?) LIMIT ?', [265837243, 1])
[23.10.24 01:29:53] DEBUG [peewee.execute_sql:3319] ('SELECT "t1"."student_id", "t1"."tg_id", "t1"."username" FROM "tg_user" AS "t1" WHERE ("t1"."student_id" = ?) LIMIT ?', [0, 1])
[23.10.24 01:29:53] INFO [aiogram.event.feed_update:172] Update id=802862083 is handled. Duration 145 ms by bot id=6377300361
[23.10.24 01:29:54] DEBUG [root.__call__:92] Event: {
  "update_id": 802862084,
  "callback_query": {
    "id": "1141762266970696931",
    "from_user": {
      "id": 265837243,
      "username": "doreshnikov"
    },
    "chat_instance": "5810223480658792996",
    "data": "event:02-polynomials"
  }
}
[23.10.24 01:29:54] DEBUG [root.__call__:97] State: StatementState:EVENT_SELECT
[23.10.24 01:29:54] DEBUG [peewee.execute_sql:3319] ('SELECT "t1"."id_", "t1"."name", "t1"."speciality", "t1"."group" FROM "student" AS "t1" INNER JOIN "tg_user" AS "t2" ON ("t2"."student_id" = "t1"."id_") WHERE ("t2"."tg_id" = ?) LIMIT ?', [265837243, 1])
[23.10.24 01:29:54] DEBUG [peewee.execute_sql:3319] ('SELECT "t1"."student_id", "t1"."tg_id", "t1"."username" FROM "tg_user" AS "t1" WHERE ("t1"."student_id" = ?) LIMIT ?', [0, 1])
[23.10.24 01:29:54] INFO [aiogram.event.feed_update:172] Update id=802862084 is handled. Duration 112 ms by bot id=6377300361
[23.10.24 01:30:06] WARNING [aiogram.dispatcher._signal_stop_polling:455] Received SIGINT signal
[23.10.24 01:30:06] INFO [aiogram.dispatcher._polling:359] Polling stopped for bot @testing_dummy_bot id=6377300361 - 'Testing Dummy'
[23.10.24 01:30:06] INFO [aiogram.dispatcher.start_polling:554] Polling stopped
