[23.10.24 22:43:31] DEBUG [asyncio.__init__:64] Using selector: KqueueSelector
[23.10.24 22:43:31] INFO [aiogram.dispatcher.start_polling:527] Start polling
[23.10.24 22:43:32] INFO [aiogram.dispatcher._polling:341] Run polling for bot @testing_dummy_bot id=6377300361 - 'Testing Dummy'
[23.10.24 22:43:55] DEBUG [root.__call__:92] Event: {
  "update_id": 802862085,
  "message": {
    "message_id": 3500,
    "chat": {
      "id": 265837243,
      "type": "private",
      "username": "doreshnikov"
    },
    "from_user": {
      "id": 265837243,
      "username": "doreshnikov"
    },
    "text": "/grade"
  }
}
[23.10.24 22:43:55] DEBUG [root.__call__:97] State: None
[23.10.24 22:43:55] DEBUG [peewee.execute_sql:3319] ('SELECT "t1"."id_", "t1"."name", "t1"."speciality", "t1"."group" FROM "student" AS "t1" INNER JOIN "tg_user" AS "t2" ON ("t2"."student_id" = "t1"."id_") WHERE ("t2"."tg_id" = ?) LIMIT ?', [265837243, 1])
[23.10.24 22:43:55] DEBUG [peewee.execute_sql:3319] ('SELECT "t1"."student_id", "t1"."tg_id", "t1"."username" FROM "tg_user" AS "t1" WHERE ("t1"."student_id" = ?) LIMIT ?', [0, 1])
[23.10.24 22:43:56] INFO [aiogram.event.feed_update:172] Update id=802862085 is handled. Duration 322 ms by bot id=6377300361
[23.10.24 22:43:59] DEBUG [root.__call__:92] Event: {
  "update_id": 802862086,
  "callback_query": {
    "id": "1141762265703715990",
    "from_user": {
      "id": 265837243,
      "username": "doreshnikov"
    },
    "chat_instance": "5810223480658792996",
    "data": "event:01-maths"
  }
}
[23.10.24 22:43:59] DEBUG [root.__call__:97] State: GradeState:EVENT_SELECT
[23.10.24 22:43:59] DEBUG [peewee.execute_sql:3319] ('SELECT "t1"."id_", "t1"."name", "t1"."speciality", "t1"."group" FROM "student" AS "t1" INNER JOIN "tg_user" AS "t2" ON ("t2"."student_id" = "t1"."id_") WHERE ("t2"."tg_id" = ?) LIMIT ?', [265837243, 1])
[23.10.24 22:43:59] DEBUG [peewee.execute_sql:3319] ('SELECT "t1"."student_id", "t1"."tg_id", "t1"."username" FROM "tg_user" AS "t1" WHERE ("t1"."student_id" = ?) LIMIT ?', [0, 1])
[23.10.24 22:43:59] INFO [aiogram.event.feed_update:172] Update id=802862086 is handled. Duration 193 ms by bot id=6377300361
[23.10.24 22:43:59] DEBUG [root.__call__:92] Event: {
  "update_id": 802862087,
  "callback_query": {
    "id": "1141762265593592075",
    "from_user": {
      "id": 265837243,
      "username": "doreshnikov"
    },
    "chat_instance": "5810223480658792996",
    "data": "format:text"
  }
}
[23.10.24 22:43:59] DEBUG [root.__call__:97] State: GradeState:FORMAT_SELECT
[23.10.24 22:43:59] DEBUG [peewee.execute_sql:3319] ('SELECT "t1"."id_", "t1"."name", "t1"."speciality", "t1"."group" FROM "student" AS "t1" INNER JOIN "tg_user" AS "t2" ON ("t2"."student_id" = "t1"."id_") WHERE ("t2"."tg_id" = ?) LIMIT ?', [265837243, 1])
[23.10.24 22:43:59] DEBUG [peewee.execute_sql:3319] ('SELECT "t1"."student_id", "t1"."tg_id", "t1"."username" FROM "tg_user" AS "t1" WHERE ("t1"."student_id" = ?) LIMIT ?', [0, 1])
[23.10.24 22:44:00] INFO [aiogram.event.feed_update:172] Update id=802862087 is handled. Duration 211 ms by bot id=6377300361
[23.10.24 22:44:03] DEBUG [root.__call__:92] Event: {
  "update_id": 802862088,
  "message": {
    "message_id": 3502,
    "chat": {
      "id": 265837243,
      "type": "private",
      "username": "doreshnikov"
    },
    "from_user": {
      "id": 265837243,
      "username": "doreshnikov"
    },
    "text": "/grade"
  }
}
[23.10.24 22:44:03] DEBUG [root.__call__:97] State: GradeState:CODE
[23.10.24 22:44:03] DEBUG [peewee.execute_sql:3319] ('SELECT "t1"."id_", "t1"."name", "t1"."speciality", "t1"."group" FROM "student" AS "t1" INNER JOIN "tg_user" AS "t2" ON ("t2"."student_id" = "t1"."id_") WHERE ("t2"."tg_id" = ?) LIMIT ?', [265837243, 1])
[23.10.24 22:44:03] DEBUG [peewee.execute_sql:3319] ('SELECT "t1"."student_id", "t1"."tg_id", "t1"."username" FROM "tg_user" AS "t1" WHERE ("t1"."student_id" = ?) LIMIT ?', [0, 1])
[23.10.24 22:44:03] INFO [aiogram.event.feed_update:172] Update id=802862088 is handled. Duration 87 ms by bot id=6377300361
[23.10.24 22:44:04] DEBUG [root.__call__:92] Event: {
  "update_id": 802862089,
  "callback_query": {
    "id": "1141762265771665301",
    "from_user": {
      "id": 265837243,
      "username": "doreshnikov"
    },
    "chat_instance": "5810223480658792996",
    "data": "event:00-introduction"
  }
}
[23.10.24 22:44:04] DEBUG [root.__call__:97] State: GradeState:EVENT_SELECT
[23.10.24 22:44:04] DEBUG [peewee.execute_sql:3319] ('SELECT "t1"."id_", "t1"."name", "t1"."speciality", "t1"."group" FROM "student" AS "t1" INNER JOIN "tg_user" AS "t2" ON ("t2"."student_id" = "t1"."id_") WHERE ("t2"."tg_id" = ?) LIMIT ?', [265837243, 1])
[23.10.24 22:44:04] DEBUG [peewee.execute_sql:3319] ('SELECT "t1"."student_id", "t1"."tg_id", "t1"."username" FROM "tg_user" AS "t1" WHERE ("t1"."student_id" = ?) LIMIT ?', [0, 1])
[23.10.24 22:44:04] INFO [aiogram.event.feed_update:172] Update id=802862089 is handled. Duration 150 ms by bot id=6377300361
[23.10.24 22:44:07] DEBUG [root.__call__:92] Event: {
  "update_id": 802862090,
  "callback_query": {
    "id": "1141762266318473787",
    "from_user": {
      "id": 265837243,
      "username": "doreshnikov"
    },
    "chat_instance": "5810223480658792996",
    "data": "format:text"
  }
}
[23.10.24 22:44:07] DEBUG [root.__call__:97] State: GradeState:FORMAT_SELECT
[23.10.24 22:44:07] DEBUG [peewee.execute_sql:3319] ('SELECT "t1"."id_", "t1"."name", "t1"."speciality", "t1"."group" FROM "student" AS "t1" INNER JOIN "tg_user" AS "t2" ON ("t2"."student_id" = "t1"."id_") WHERE ("t2"."tg_id" = ?) LIMIT ?', [265837243, 1])
[23.10.24 22:44:07] DEBUG [peewee.execute_sql:3319] ('SELECT "t1"."student_id", "t1"."tg_id", "t1"."username" FROM "tg_user" AS "t1" WHERE ("t1"."student_id" = ?) LIMIT ?', [0, 1])
[23.10.24 22:44:08] INFO [aiogram.event.feed_update:172] Update id=802862090 is handled. Duration 175 ms by bot id=6377300361
[23.10.24 22:44:10] DEBUG [root.__call__:92] Event: {
  "update_id": 802862091,
  "message": {
    "message_id": 3504,
    "chat": {
      "id": 265837243,
      "type": "private",
      "username": "doreshnikov"
    },
    "from_user": {
      "id": 265837243,
      "username": "doreshnikov"
    },
    "text": "def guess():\n    include_me = 1\n    yield include_me * (include_me+1)\n    guess()"
  }
}
[23.10.24 22:44:10] DEBUG [root.__call__:97] State: GradeState:CODE
[23.10.24 22:44:10] DEBUG [peewee.execute_sql:3319] ('SELECT "t1"."id_", "t1"."name", "t1"."speciality", "t1"."group" FROM "student" AS "t1" INNER JOIN "tg_user" AS "t2" ON ("t2"."student_id" = "t1"."id_") WHERE ("t2"."tg_id" = ?) LIMIT ?', [265837243, 1])
[23.10.24 22:44:10] DEBUG [peewee.execute_sql:3319] ('SELECT "t1"."student_id", "t1"."tg_id", "t1"."username" FROM "tg_user" AS "t1" WHERE ("t1"."student_id" = ?) LIMIT ?', [0, 1])
[23.10.24 22:44:10] DEBUG [peewee.execute_sql:3319] ('INSERT INTO "submission" ("timestamp", "event", "file_path", "message_id", "student_id") VALUES (?, ?, ?, ?, ?)', [1729712651, '00-introduction', None, 3505, 0])
[23.10.24 22:44:10] INFO [aiogram.event.feed_update:172] Update id=802862091 is handled. Duration 152 ms by bot id=6377300361
[23.10.24 22:44:10] DEBUG [aiogram.utils.chat_action._worker:70] Started chat action 'typing' sender in chat_id=265837243 via bot id=6377300361
[23.10.24 22:44:10] DEBUG [aiogram.utils.chat_action._worker:81] Sent chat action 'typing' to chat_id=265837243 via bot 6377300361 (already sent actions 0)
