[12.10.24 23:56:44] DEBUG [asyncio.__init__:64] Using selector: KqueueSelector
[12.10.24 23:56:44] INFO [aiogram.dispatcher.start_polling:527] Start polling
[12.10.24 23:56:44] INFO [aiogram.dispatcher._polling:341] Run polling for bot @testing_dummy_bot id=6377300361 - 'Testing Dummy'
[12.10.24 23:56:50] DEBUG [root.__call__:92] Event: {
  "update_id": 802861996,
  "message": {
    "message_id": 3410,
    "chat": {
      "id": 265837243,
      "type": "private",
      "username": "doreshnikov"
    },
    "from_user": {
      "id": 265837243,
      "username": "doreshnikov"
    },
    "text": "/register"
  }
}
[12.10.24 23:56:50] DEBUG [root.__call__:97] State: None
[12.10.24 23:56:50] DEBUG [peewee.execute_sql:3319] ('SELECT "t1"."id_", "t1"."name", "t1"."speciality", "t1"."group" FROM "student" AS "t1" INNER JOIN "tg_user" AS "t2" ON ("t2"."student_id" = "t1"."id_") WHERE ("t2"."tg_id" = ?) LIMIT ?', [265837243, 1])
[12.10.24 23:56:50] DEBUG [peewee.execute_sql:3319] ('SELECT "t1"."student_id", "t1"."tg_id", "t1"."username" FROM "tg_user" AS "t1" WHERE ("t1"."student_id" = ?) LIMIT ?', [0, 1])
[12.10.24 23:56:50] INFO [aiogram.event.feed_update:172] Update id=802861996 is handled. Duration 221 ms by bot id=6377300361
[12.10.24 23:57:30] WARNING [aiogram.dispatcher._signal_stop_polling:455] Received SIGINT signal
[12.10.24 23:57:30] INFO [aiogram.dispatcher._polling:359] Polling stopped for bot @testing_dummy_bot id=6377300361 - 'Testing Dummy'
[12.10.24 23:57:30] INFO [aiogram.dispatcher.start_polling:554] Polling stopped
